Vivado Simulator 2014.3
Copyright 1986-1999, 2001-2014 Xilinx, Inc. All Rights Reserved.
Running: /home/ppan/Vivado/Vivado/2014.3.1/bin/unwrapped/lnx64.o/xelab -wto 60345d78f8da43a6af2a33d9390c99d6 --debug typical --relax -L xil_defaultlib -L unisims_ver -L unimacro_ver -L secureip --snapshot tb_behav xil_defaultlib.tb xil_defaultlib.glbl -log elaborate.log 
Multi-threading is on. Using 2 slave threads.
Starting static elaboration
Completed static elaboration
Starting simulation data flow analysis
WARNING: [XSIM 43-4099] "/home/ppan/summer_intern/decompression/decompression.srcs/sources_1/new/decompression_top.v" Line 1. Module decompression_default doesn't have a timescale but at least one module in design has a timescale.
WARNING: [XSIM 43-4099] "/home/ppan/summer_intern/decompression/decompression.srcs/sources_1/new/decompressor.v" Line 1. Module decompressor doesn't have a timescale but at least one module in design has a timescale.
WARNING: [XSIM 43-4099] "/home/ppan/summer_intern/decompression/decompression.srcs/sources_1/new/decompressor.v" Line 1. Module decompressor doesn't have a timescale but at least one module in design has a timescale.
WARNING: [XSIM 43-4099] "/home/ppan/summer_intern/decompression/decompression.srcs/sources_1/new/decompressor.v" Line 1. Module decompressor doesn't have a timescale but at least one module in design has a timescale.
WARNING: [XSIM 43-4099] "/home/ppan/summer_intern/decompression/decompression.srcs/sources_1/new/decompressor.v" Line 1. Module decompressor doesn't have a timescale but at least one module in design has a timescale.
WARNING: [XSIM 43-4099] "/home/ppan/summer_intern/decompression/decompression.srcs/sources_1/new/decompressor.v" Line 1. Module decompressor doesn't have a timescale but at least one module in design has a timescale.
WARNING: [XSIM 43-4099] "/home/ppan/summer_intern/decompression/decompression.srcs/sources_1/new/decompressor.v" Line 1. Module decompressor doesn't have a timescale but at least one module in design has a timescale.
WARNING: [XSIM 43-4099] "/home/ppan/summer_intern/decompression/decompression.srcs/sources_1/new/decompressor.v" Line 1. Module decompressor doesn't have a timescale but at least one module in design has a timescale.
WARNING: [XSIM 43-4099] "/home/ppan/summer_intern/decompression/decompression.srcs/sources_1/new/decompressor.v" Line 1. Module decompressor doesn't have a timescale but at least one module in design has a timescale.
WARNING: [XSIM 43-4099] "/home/ppan/summer_intern/decompression/decompression.srcs/sources_1/new/decompression_top.v" Line 1. Module decompression_default doesn't have a timescale but at least one module in design has a timescale.
WARNING: [XSIM 43-4099] "/home/ppan/summer_intern/decompression/decompression.srcs/sources_1/new/decompressor.v" Line 1. Module decompressor doesn't have a timescale but at least one module in design has a timescale.
WARNING: [XSIM 43-4099] "/home/ppan/summer_intern/decompression/decompression.srcs/sources_1/new/decompressor.v" Line 1. Module decompressor doesn't have a timescale but at least one module in design has a timescale.
WARNING: [XSIM 43-4099] "/home/ppan/summer_intern/decompression/decompression.srcs/sources_1/new/decompressor.v" Line 1. Module decompressor doesn't have a timescale but at least one module in design has a timescale.
WARNING: [XSIM 43-4099] "/home/ppan/summer_intern/decompression/decompression.srcs/sources_1/new/decompressor.v" Line 1. Module decompressor doesn't have a timescale but at least one module in design has a timescale.
WARNING: [XSIM 43-4099] "/home/ppan/summer_intern/decompression/decompression.srcs/sources_1/new/decompressor.v" Line 1. Module decompressor doesn't have a timescale but at least one module in design has a timescale.
WARNING: [XSIM 43-4099] "/home/ppan/summer_intern/decompression/decompression.srcs/sources_1/new/decompressor.v" Line 1. Module decompressor doesn't have a timescale but at least one module in design has a timescale.
WARNING: [XSIM 43-4099] "/home/ppan/summer_intern/decompression/decompression.srcs/sources_1/new/decompressor.v" Line 1. Module decompressor doesn't have a timescale but at least one module in design has a timescale.
WARNING: [XSIM 43-4099] "/home/ppan/summer_intern/decompression/decompression.srcs/sources_1/new/decompressor.v" Line 1. Module decompressor doesn't have a timescale but at least one module in design has a timescale.
Completed simulation data flow analysis
Time Resolution for simulation is 1ps
Compiling module xil_defaultlib.bitmap_to_num
Compiling module xil_defaultlib.length_decoder_default
Compiling module xil_defaultlib.count_one
Compiling module xil_defaultlib.extractor
Compiling module xil_defaultlib.decompressor
Compiling module xil_defaultlib.decompression_default
Compiling module xil_defaultlib.tb
Compiling module xil_defaultlib.glbl
Waiting for 2 sub-compilation(s) to finish...
Built simulation snapshot tb_behav
