
*** Running vivado
    with args -log decompression.vds -m64 -mode batch -messageDb vivado.pb -source decompression.tcl

INFO: [Common 17-701] A license check has taken more than 10 seconds to complete. This may indicate that there is a performance issue with one or more license servers listed in XILINXD_LICENSE_FILE or LM_LICENSE_FILE, or that the license servers are just not responding at all. Try setting the FLEXLM_DIAGNOSTICS environment variable to 3 and running Vivado again to get more information.

****** Vivado v2014.3.1 (64-bit)
  **** SW Build 1056140 on Thu Oct 30 17:07:39 MDT 2014
  **** IP Build 1028902 on Fri Sep 26 17:35:13 MDT 2014
    ** Copyright 1986-2014 Xilinx, Inc. All Rights Reserved.

source decompression.tcl
# set_param gui.test TreeTableDev
# debug::add_scope template.lib 1
# set_msg_config -id {HDL 9-1061} -limit 100000
# set_msg_config -id {HDL 9-1654} -limit 100000
# create_project -in_memory -part xc7vx690tffg1761-2
# set_param project.compositeFile.enableAutoGeneration 0
# set_param synth.vivado.isSynthRun true
# set_property webtalk.parent_dir C:/Users/Peitian/Desktop/Compression/decompression.xpr/decompression/decompression/decompression.cache/wt [current_project]
# set_property parent.project_path C:/Users/Peitian/Desktop/Compression/decompression.xpr/decompression/decompression/decompression.xpr [current_project]
# set_property default_lib xil_defaultlib [current_project]
# set_property target_language Verilog [current_project]
# set_property board_part xilinx.com:vc709:part0:1.4 [current_project]
# read_verilog -library xil_defaultlib {
#   C:/Users/Peitian/Desktop/Compression/decompression.xpr/decompression/decompression/decompression.srcs/sources_1/new/count_one.v
#   C:/Users/Peitian/Desktop/Compression/decompression.xpr/decompression/decompression/decompression.srcs/sources_1/new/done_reg.v
#   C:/Users/Peitian/Desktop/Compression/decompression.xpr/decompression/decompression/decompression.srcs/sources_1/new/extractor.v
#   C:/Users/Peitian/Desktop/Compression/decompression.xpr/decompression/decompression/decompression.srcs/sources_1/new/decompressor.v
#   C:/Users/Peitian/Desktop/Compression/decompression.xpr/decompression/decompression/decompression.srcs/sources_1/new/bitmap_translation.v
#   C:/Users/Peitian/Desktop/Compression/decompression.xpr/decompression/decompression/decompression.srcs/sources_1/new/set_reset_reg.v
#   C:/Users/Peitian/Desktop/Compression/decompression.xpr/decompression/decompression/decompression.srcs/sources_1/new/length_reg.v
#   C:/Users/Peitian/Desktop/Compression/decompression.xpr/decompression/decompression/decompression.srcs/sources_1/new/pip_6.v
#   C:/Users/Peitian/Desktop/Compression/decompression.xpr/decompression/decompression/decompression.srcs/sources_1/new/pip_5.v
#   C:/Users/Peitian/Desktop/Compression/decompression.xpr/decompression/decompression/decompression.srcs/sources_1/new/pip_4.v
#   C:/Users/Peitian/Desktop/Compression/decompression.xpr/decompression/decompression/decompression.srcs/sources_1/new/pip_3.v
#   C:/Users/Peitian/Desktop/Compression/decompression.xpr/decompression/decompression/decompression.srcs/sources_1/new/pip_2.v
#   C:/Users/Peitian/Desktop/Compression/decompression.xpr/decompression/decompression/decompression.srcs/sources_1/new/pip_1.v
#   C:/Users/Peitian/Desktop/Compression/decompression.xpr/decompression/decompression/decompression.srcs/sources_1/new/pip_top.v
# }
# catch { write_hwdef -file decompression.hwdef }
INFO: [Vivado_Tcl 4-279] hardware handoff file cannot be generated as there is no block diagram instance in the design
# synth_design -top decompression -part xc7vx690tffg1761-2
Command: synth_design -top decompression -part xc7vx690tffg1761-2
Starting synth_design
Attempting to get a license for feature 'Synthesis' and/or device 'xc7vx690t'
WARNING: [Common 17-348] Failed to get the license for feature 'Synthesis' and/or device 'xc7vx690t'
0 Infos, 1 Warnings, 0 Critical Warnings and 1 Errors encountered.
synth_design failed
ERROR: [Common 17-345] A valid license was not found for feature 'Synthesis' and/or device 'xc7vx690t'. Please run the Vivado License Manager for assistance in determining
which features and devices are licensed for your system.
Resolution: Check the status of your licenses in the Vivado License Manager. For debug help search Xilinx Support for "Licensing FAQ". 

    while executing
"synth_design -top decompression -part xc7vx690tffg1761-2"
    (file "decompression.tcl" line 35)
INFO: [Common 17-206] Exiting Vivado at Wed Oct 11 02:03:07 2017...
