#-----------------------------------------------------------
# Vivado v2017.2.1 (64-bit)
# SW Build 1957588 on Wed Aug  9 16:32:10 MDT 2017
# IP Build 1948039 on Wed Aug  9 18:19:28 MDT 2017
# Start of session at: Wed Oct  4 21:19:59 2017
# Process ID: 26208
# Current directory: /home/yifany3/git_decomp/decompression
# Command line: vivado ./decompression.xpr
# Log file: /home/yifany3/git_decomp/decompression/vivado.log
# Journal file: /home/yifany3/git_decomp/decompression/vivado.jou
#-----------------------------------------------------------
start_gui
open_project ./decompression.xpr
INFO: [Project 1-313] Project file moved from '/home/ppan/.Xil/Vivado-26723-ppan-QiTianM6600-N000/PrjAr/_X_' since last save.
Scanning sources...
Finished scanning sources
INFO: [Project 1-230] Project 'decompression.xpr' upgraded for this version of Vivado.
INFO: [IP_Flow 19-234] Refreshing IP repositories
INFO: [IP_Flow 19-1704] No user IP repositories specified
INFO: [IP_Flow 19-2313] Loaded Vivado IP repository '/opt/Xilinx/Vivado/2017.2/data/ip'.
open_project: Time (s): cpu = 00:00:07 ; elapsed = 00:00:14 . Memory (MB): peak = 6056.926 ; gain = 50.500 ; free physical = 8663 ; free virtual = 23408
update_compile_order -fileset sources_1
add_files -norecurse /home/yifany3/git_decomp/decompression/decompression.srcs/sources_1/new/set_reset_reg.v
update_compile_order -fileset sources_1
add_files -norecurse /home/yifany3/git_decomp/decompression/decompression.srcs/sources_1/new/bitmap_translation.v
update_compile_order -fileset sources_1
update_compile_order -fileset sources_1
remove_files  {/home/yifany3/git_decomp/decompression/decompression.srcs/sources_1/new/length_decoder.v /home/yifany3/git_decomp/decompression/decompression.srcs/sources_1/new/concat_in_reg.v /home/yifany3/git_decomp/decompression/decompression.srcs/sources_1/new/done_reg.v /home/yifany3/git_decomp/decompression/decompression.srcs/sources_1/new/sr_latch.v}
remove_files  /home/yifany3/git_decomp/decompression/decompression.srcs/sources_1/new/bitmap_to_num.v
synth_design -rtl -name rtl_1
Command: synth_design -rtl -name rtl_1
Starting synth_design
Using part: xc7vx690tffg1761-2
Top: decompression
---------------------------------------------------------------------------------
Starting RTL Elaboration : Time (s): cpu = 00:00:03 ; elapsed = 00:00:04 . Memory (MB): peak = 6328.758 ; gain = 31.000 ; free physical = 10416 ; free virtual = 27454
---------------------------------------------------------------------------------
INFO: [Synth 8-638] synthesizing module 'decompression' [/home/yifany3/git_decomp/decompression/decompression.srcs/sources_1/new/decompression.v:23]
INFO: [Synth 8-638] synthesizing module 'recvd_bytes' [/home/yifany3/git_decomp/decompression/decompression.srcs/sources_1/new/recvd_bytes.v:23]
INFO: [Synth 8-638] synthesizing module 'count_one' [/home/yifany3/git_decomp/decompression/decompression.srcs/sources_1/new/count_one.v:22]
INFO: [Synth 8-256] done synthesizing module 'count_one' (1#1) [/home/yifany3/git_decomp/decompression/decompression.srcs/sources_1/new/count_one.v:22]
INFO: [Synth 8-256] done synthesizing module 'recvd_bytes' (2#1) [/home/yifany3/git_decomp/decompression/decompression.srcs/sources_1/new/recvd_bytes.v:23]
INFO: [Synth 8-638] synthesizing module 'set_reset_reg' [/home/yifany3/git_decomp/decompression/decompression.srcs/sources_1/new/set_reset_reg.v:23]
INFO: [Synth 8-256] done synthesizing module 'set_reset_reg' (3#1) [/home/yifany3/git_decomp/decompression/decompression.srcs/sources_1/new/set_reset_reg.v:23]
INFO: [Synth 8-638] synthesizing module 'cursor_reg' [/home/yifany3/git_decomp/decompression/decompression.srcs/sources_1/new/cursor_reg.v:23]
INFO: [Synth 8-256] done synthesizing module 'cursor_reg' (4#1) [/home/yifany3/git_decomp/decompression/decompression.srcs/sources_1/new/cursor_reg.v:23]
INFO: [Synth 8-638] synthesizing module 'length_reg' [/home/yifany3/git_decomp/decompression/decompression.srcs/sources_1/new/length_reg.v:23]
INFO: [Synth 8-256] done synthesizing module 'length_reg' (5#1) [/home/yifany3/git_decomp/decompression/decompression.srcs/sources_1/new/length_reg.v:23]
INFO: [Synth 8-638] synthesizing module 'extract_and_decomp' [/home/yifany3/git_decomp/decompression/decompression.srcs/sources_1/new/extract_and_decomp.v:23]
INFO: [Synth 8-638] synthesizing module 'extractor' [/home/yifany3/git_decomp/decompression/decompression.srcs/sources_1/new/extractor.v:23]
WARNING: [Synth 8-567] referenced signal 'offset' should be on the sensitivity list [/home/yifany3/git_decomp/decompression/decompression.srcs/sources_1/new/extractor.v:35]
WARNING: [Synth 8-567] referenced signal 'data_in' should be on the sensitivity list [/home/yifany3/git_decomp/decompression/decompression.srcs/sources_1/new/extractor.v:35]
INFO: [Synth 8-256] done synthesizing module 'extractor' (6#1) [/home/yifany3/git_decomp/decompression/decompression.srcs/sources_1/new/extractor.v:23]
WARNING: [Synth 8-350] instance 'ex' of module 'extractor' requires 5 connections, but only 4 given [/home/yifany3/git_decomp/decompression/decompression.srcs/sources_1/new/extract_and_decomp.v:71]
INFO: [Synth 8-638] synthesizing module 'decompressor' [/home/yifany3/git_decomp/decompression/decompression.srcs/sources_1/new/decompressor.v:1]
INFO: [Synth 8-256] done synthesizing module 'decompressor' (7#1) [/home/yifany3/git_decomp/decompression/decompression.srcs/sources_1/new/decompressor.v:1]
WARNING: [Synth 8-350] instance 'ex' of module 'extractor' requires 5 connections, but only 4 given [/home/yifany3/git_decomp/decompression/decompression.srcs/sources_1/new/extract_and_decomp.v:71]
WARNING: [Synth 8-350] instance 'ex' of module 'extractor' requires 5 connections, but only 4 given [/home/yifany3/git_decomp/decompression/decompression.srcs/sources_1/new/extract_and_decomp.v:71]
WARNING: [Synth 8-350] instance 'ex' of module 'extractor' requires 5 connections, but only 4 given [/home/yifany3/git_decomp/decompression/decompression.srcs/sources_1/new/extract_and_decomp.v:71]
WARNING: [Synth 8-350] instance 'ex' of module 'extractor' requires 5 connections, but only 4 given [/home/yifany3/git_decomp/decompression/decompression.srcs/sources_1/new/extract_and_decomp.v:71]
WARNING: [Synth 8-350] instance 'ex' of module 'extractor' requires 5 connections, but only 4 given [/home/yifany3/git_decomp/decompression/decompression.srcs/sources_1/new/extract_and_decomp.v:71]
WARNING: [Synth 8-350] instance 'ex' of module 'extractor' requires 5 connections, but only 4 given [/home/yifany3/git_decomp/decompression/decompression.srcs/sources_1/new/extract_and_decomp.v:71]
WARNING: [Synth 8-350] instance 'ex' of module 'extractor' requires 5 connections, but only 4 given [/home/yifany3/git_decomp/decompression/decompression.srcs/sources_1/new/extract_and_decomp.v:71]
INFO: [Synth 8-638] synthesizing module 'bitmap_translation' [/home/yifany3/git_decomp/decompression/decompression.srcs/sources_1/new/bitmap_translation.v:23]
INFO: [Synth 8-256] done synthesizing module 'bitmap_translation' (8#1) [/home/yifany3/git_decomp/decompression/decompression.srcs/sources_1/new/bitmap_translation.v:23]
INFO: [Synth 8-256] done synthesizing module 'extract_and_decomp' (9#1) [/home/yifany3/git_decomp/decompression/decompression.srcs/sources_1/new/extract_and_decomp.v:23]
WARNING: [Synth 8-6014] Unused sequential element tlast_2_reg was removed.  [/home/yifany3/git_decomp/decompression/decompression.srcs/sources_1/new/decompression.v:86]
WARNING: [Synth 8-6014] Unused sequential element tlast_3_reg was removed.  [/home/yifany3/git_decomp/decompression/decompression.srcs/sources_1/new/decompression.v:105]
INFO: [Synth 8-256] done synthesizing module 'decompression' (10#1) [/home/yifany3/git_decomp/decompression/decompression.srcs/sources_1/new/decompression.v:23]
WARNING: [Synth 8-3331] design decompression has unconnected port axis_tready_c2s
---------------------------------------------------------------------------------
Finished RTL Elaboration : Time (s): cpu = 00:00:04 ; elapsed = 00:00:04 . Memory (MB): peak = 6356.008 ; gain = 58.250 ; free physical = 10426 ; free virtual = 27466
---------------------------------------------------------------------------------

Report Check Netlist: 
+------+------------------+-------+---------+-------+------------------+
|      |Item              |Errors |Warnings |Status |Description       |
+------+------------------+-------+---------+-------+------------------+
|1     |multi_driven_nets |      0|        0|Passed |Multi driven nets |
+------+------------------+-------+---------+-------+------------------+
---------------------------------------------------------------------------------
Finished RTL Optimization Phase 1 : Time (s): cpu = 00:00:04 ; elapsed = 00:00:05 . Memory (MB): peak = 6356.008 ; gain = 58.250 ; free physical = 10428 ; free virtual = 27468
---------------------------------------------------------------------------------
INFO: [Device 21-403] Loading part xc7vx690tffg1761-2
INFO: [Project 1-570] Preparing netlist for logic optimization

Processing XDC Constraints
Initializing timing engine
Completed Processing XDC Constraints

INFO: [Opt 31-138] Pushed 0 inverter(s) to 0 load pin(s).
INFO: [Project 1-111] Unisim Transformation Summary:
No Unisim elements were transformed.

RTL Elaboration Complete:  : Time (s): cpu = 00:00:41 ; elapsed = 00:01:06 . Memory (MB): peak = 7064.586 ; gain = 766.828 ; free physical = 9707 ; free virtual = 26851
24 Infos, 13 Warnings, 0 Critical Warnings and 0 Errors encountered.
synth_design completed successfully
synth_design: Time (s): cpu = 00:00:41 ; elapsed = 00:01:06 . Memory (MB): peak = 7064.586 ; gain = 766.828 ; free physical = 9707 ; free virtual = 26851
refresh_design
---------------------------------------------------------------------------------
Starting RTL Elaboration : Time (s): cpu = 00:00:03 ; elapsed = 00:00:03 . Memory (MB): peak = 7066.594 ; gain = 0.000 ; free physical = 9663 ; free virtual = 26813
---------------------------------------------------------------------------------
INFO: [Synth 8-638] synthesizing module 'decompression' [/home/yifany3/git_decomp/decompression/decompression.srcs/sources_1/new/decompression.v:23]
INFO: [Synth 8-638] synthesizing module 'recvd_bytes' [/home/yifany3/git_decomp/decompression/decompression.srcs/sources_1/new/recvd_bytes.v:23]
INFO: [Synth 8-638] synthesizing module 'count_one' [/home/yifany3/git_decomp/decompression/decompression.srcs/sources_1/new/count_one.v:22]
INFO: [Synth 8-256] done synthesizing module 'count_one' (1#1) [/home/yifany3/git_decomp/decompression/decompression.srcs/sources_1/new/count_one.v:22]
INFO: [Synth 8-256] done synthesizing module 'recvd_bytes' (2#1) [/home/yifany3/git_decomp/decompression/decompression.srcs/sources_1/new/recvd_bytes.v:23]
INFO: [Synth 8-638] synthesizing module 'set_reset_reg' [/home/yifany3/git_decomp/decompression/decompression.srcs/sources_1/new/set_reset_reg.v:23]
INFO: [Synth 8-256] done synthesizing module 'set_reset_reg' (3#1) [/home/yifany3/git_decomp/decompression/decompression.srcs/sources_1/new/set_reset_reg.v:23]
INFO: [Synth 8-638] synthesizing module 'cursor_reg' [/home/yifany3/git_decomp/decompression/decompression.srcs/sources_1/new/cursor_reg.v:23]
INFO: [Synth 8-256] done synthesizing module 'cursor_reg' (4#1) [/home/yifany3/git_decomp/decompression/decompression.srcs/sources_1/new/cursor_reg.v:23]
INFO: [Synth 8-638] synthesizing module 'length_reg' [/home/yifany3/git_decomp/decompression/decompression.srcs/sources_1/new/length_reg.v:23]
INFO: [Synth 8-256] done synthesizing module 'length_reg' (5#1) [/home/yifany3/git_decomp/decompression/decompression.srcs/sources_1/new/length_reg.v:23]
INFO: [Synth 8-638] synthesizing module 'extract_and_decomp' [/home/yifany3/git_decomp/decompression/decompression.srcs/sources_1/new/extract_and_decomp.v:23]
INFO: [Synth 8-638] synthesizing module 'extractor' [/home/yifany3/git_decomp/decompression/decompression.srcs/sources_1/new/extractor.v:23]
WARNING: [Synth 8-567] referenced signal 'offset' should be on the sensitivity list [/home/yifany3/git_decomp/decompression/decompression.srcs/sources_1/new/extractor.v:35]
WARNING: [Synth 8-567] referenced signal 'data_in' should be on the sensitivity list [/home/yifany3/git_decomp/decompression/decompression.srcs/sources_1/new/extractor.v:35]
INFO: [Synth 8-256] done synthesizing module 'extractor' (6#1) [/home/yifany3/git_decomp/decompression/decompression.srcs/sources_1/new/extractor.v:23]
WARNING: [Synth 8-350] instance 'ex' of module 'extractor' requires 5 connections, but only 4 given [/home/yifany3/git_decomp/decompression/decompression.srcs/sources_1/new/extract_and_decomp.v:71]
INFO: [Synth 8-638] synthesizing module 'decompressor' [/home/yifany3/git_decomp/decompression/decompression.srcs/sources_1/new/decompressor.v:1]
WARNING: [Synth 8-153] case item 15'b1zzzzzzzzzzzzzz will never be executed [/home/yifany3/git_decomp/decompression/decompression.srcs/sources_1/new/decompressor.v:37]
WARNING: [Synth 8-153] case item 15'b01zzzzzzzzzzzzz will never be executed [/home/yifany3/git_decomp/decompression/decompression.srcs/sources_1/new/decompressor.v:37]
WARNING: [Synth 8-153] case item 15'b001zzzzzzzzzzzz will never be executed [/home/yifany3/git_decomp/decompression/decompression.srcs/sources_1/new/decompressor.v:37]
WARNING: [Synth 8-153] case item 15'b0001zzzzzzzzzzz will never be executed [/home/yifany3/git_decomp/decompression/decompression.srcs/sources_1/new/decompressor.v:37]
WARNING: [Synth 8-153] case item 15'b000001zzzzzzzzz will never be executed [/home/yifany3/git_decomp/decompression/decompression.srcs/sources_1/new/decompressor.v:37]
WARNING: [Synth 8-153] case item 15'b000001zzzzzzzzz will never be executed [/home/yifany3/git_decomp/decompression/decompression.srcs/sources_1/new/decompressor.v:37]
WARNING: [Synth 8-153] case item 15'b0000001zzzzzzzz will never be executed [/home/yifany3/git_decomp/decompression/decompression.srcs/sources_1/new/decompressor.v:37]
WARNING: [Synth 8-153] case item 15'b00000001zzzzzzz will never be executed [/home/yifany3/git_decomp/decompression/decompression.srcs/sources_1/new/decompressor.v:37]
WARNING: [Synth 8-153] case item 15'b000000001zzzzzz will never be executed [/home/yifany3/git_decomp/decompression/decompression.srcs/sources_1/new/decompressor.v:37]
WARNING: [Synth 8-153] case item 15'b0000000001zzzzz will never be executed [/home/yifany3/git_decomp/decompression/decompression.srcs/sources_1/new/decompressor.v:37]
WARNING: [Synth 8-153] case item 15'b00000000001zzzz will never be executed [/home/yifany3/git_decomp/decompression/decompression.srcs/sources_1/new/decompressor.v:37]
WARNING: [Synth 8-153] case item 15'b000000000001zzz will never be executed [/home/yifany3/git_decomp/decompression/decompression.srcs/sources_1/new/decompressor.v:37]
WARNING: [Synth 8-153] case item 15'b0000000000001zz will never be executed [/home/yifany3/git_decomp/decompression/decompression.srcs/sources_1/new/decompressor.v:37]
WARNING: [Synth 8-153] case item 15'b00000000000001z will never be executed [/home/yifany3/git_decomp/decompression/decompression.srcs/sources_1/new/decompressor.v:37]
INFO: [Synth 8-256] done synthesizing module 'decompressor' (7#1) [/home/yifany3/git_decomp/decompression/decompression.srcs/sources_1/new/decompressor.v:1]
WARNING: [Synth 8-350] instance 'ex' of module 'extractor' requires 5 connections, but only 4 given [/home/yifany3/git_decomp/decompression/decompression.srcs/sources_1/new/extract_and_decomp.v:71]
WARNING: [Synth 8-350] instance 'ex' of module 'extractor' requires 5 connections, but only 4 given [/home/yifany3/git_decomp/decompression/decompression.srcs/sources_1/new/extract_and_decomp.v:71]
WARNING: [Synth 8-350] instance 'ex' of module 'extractor' requires 5 connections, but only 4 given [/home/yifany3/git_decomp/decompression/decompression.srcs/sources_1/new/extract_and_decomp.v:71]
WARNING: [Synth 8-350] instance 'ex' of module 'extractor' requires 5 connections, but only 4 given [/home/yifany3/git_decomp/decompression/decompression.srcs/sources_1/new/extract_and_decomp.v:71]
WARNING: [Synth 8-350] instance 'ex' of module 'extractor' requires 5 connections, but only 4 given [/home/yifany3/git_decomp/decompression/decompression.srcs/sources_1/new/extract_and_decomp.v:71]
WARNING: [Synth 8-350] instance 'ex' of module 'extractor' requires 5 connections, but only 4 given [/home/yifany3/git_decomp/decompression/decompression.srcs/sources_1/new/extract_and_decomp.v:71]
WARNING: [Synth 8-350] instance 'ex' of module 'extractor' requires 5 connections, but only 4 given [/home/yifany3/git_decomp/decompression/decompression.srcs/sources_1/new/extract_and_decomp.v:71]
INFO: [Synth 8-638] synthesizing module 'bitmap_translation' [/home/yifany3/git_decomp/decompression/decompression.srcs/sources_1/new/bitmap_translation.v:23]
INFO: [Synth 8-256] done synthesizing module 'bitmap_translation' (8#1) [/home/yifany3/git_decomp/decompression/decompression.srcs/sources_1/new/bitmap_translation.v:23]
INFO: [Synth 8-256] done synthesizing module 'extract_and_decomp' (9#1) [/home/yifany3/git_decomp/decompression/decompression.srcs/sources_1/new/extract_and_decomp.v:23]
WARNING: [Synth 8-6014] Unused sequential element tlast_2_reg was removed.  [/home/yifany3/git_decomp/decompression/decompression.srcs/sources_1/new/decompression.v:86]
WARNING: [Synth 8-6014] Unused sequential element tlast_3_reg was removed.  [/home/yifany3/git_decomp/decompression/decompression.srcs/sources_1/new/decompression.v:105]
INFO: [Synth 8-256] done synthesizing module 'decompression' (10#1) [/home/yifany3/git_decomp/decompression/decompression.srcs/sources_1/new/decompression.v:23]
WARNING: [Synth 8-3331] design decompression has unconnected port axis_tready_c2s
---------------------------------------------------------------------------------
Finished RTL Elaboration : Time (s): cpu = 00:00:04 ; elapsed = 00:00:04 . Memory (MB): peak = 7066.594 ; gain = 0.000 ; free physical = 9683 ; free virtual = 26831
---------------------------------------------------------------------------------

Report Check Netlist: 
+------+------------------+-------+---------+-------+------------------+
|      |Item              |Errors |Warnings |Status |Description       |
+------+------------------+-------+---------+-------+------------------+
|1     |multi_driven_nets |      0|        0|Passed |Multi driven nets |
+------+------------------+-------+---------+-------+------------------+
---------------------------------------------------------------------------------
Finished RTL Optimization Phase 1 : Time (s): cpu = 00:00:04 ; elapsed = 00:00:04 . Memory (MB): peak = 7066.594 ; gain = 0.000 ; free physical = 9681 ; free virtual = 26834
---------------------------------------------------------------------------------
INFO: [Project 1-570] Preparing netlist for logic optimization

Processing XDC Constraints
Initializing timing engine
Completed Processing XDC Constraints

INFO: [Opt 31-138] Pushed 0 inverter(s) to 0 load pin(s).
refresh_design: Time (s): cpu = 00:00:19 ; elapsed = 00:00:10 . Memory (MB): peak = 7089.598 ; gain = 23.004 ; free physical = 9635 ; free virtual = 26784
